2015/10/26 20:26:35 にビルドを開始しました。
     1>ノード 2 上のプロジェクト "D:\Documents\Visual Studio 2012\Projects\ProjectorCalibration\ProCamCalib\ProCamCalib\ProCamCalib.vcxproj" (Rebuild ターゲット)。
     1>_PrepareForClean:
         ファイル "Release\ProCamCalib.lastbuildstate" を削除しています。
       InitializeBuildStatus:
         "AlwaysCreate" が指定されたため "Release\ProCamCalib.unsuccessfulbuild" を作成しています。
       ClCompile:
         C:\Program Files (x86)\Microsoft Visual Studio 11.0\VC\bin\CL.exe /c /I"D:\PCL 1.7.2\include\pcl-1.7" /I"D:\PCL 1.7.2\3rdParty\Boost\include\boost-1_56" /I"D:\PCL 1.7.2\3rdParty\Eigen\eigen3" /I"D:\PCL 1.7.2\3rdParty\FLANN\include" /I"D:\PCL 1.7.2\3rdParty\QHull\include" /I"D:\PCL 1.7.2\3rdParty\VTK\include\vtk-6.1" /Zi /nologo /W3 /WX- /sdl /O2 /Oi /Oy- /GL /D _MBCS /Gm- /EHsc /MD /GS /Gy /fp:precise /Zc:wchar_t /Zc:forScope /Fo"Release\\" /Fd"Release\vc110.pdb" /Gd /TP /analyze- /errorReport:prompt Calibration.cpp Graycode.cpp main.cpp PGROpenCV.cpp
         Calibration.cpp
     1>D:\opencv300\myBuild\install\include\opencv2/core/mat.hpp(1965): warning C4819: ファイルは、現在のコード ページ (932) で表示できない文字を含んでいます。データの損失を防ぐために、ファイルを Unicode 形式で保存してください。
     1>D:\opencv300\myBuild\install\include\opencv2/core/persistence.hpp : warning C4819: ファイルは、現在のコード ページ (932) で表示できない文字を含んでいます。データの損失を防ぐために、ファイルを Unicode 形式で保存してください。
     1>D:\opencv300\myBuild\install\include\opencv2/core/utility.hpp : warning C4819: ファイルは、現在のコード ページ (932) で表示できない文字を含んでいます。データの損失を防ぐために、ファイルを Unicode 形式で保存してください。
     1>Calibration.cpp(38): warning C4018: '<' : signed と unsigned の数値を比較しようとしました。
     1>Calibration.cpp(69): warning C4018: '<' : signed と unsigned の数値を比較しようとしました。
     1>Calibration.cpp(72): warning C4244: '引数' : 'double' から 'float' への変換です。データが失われる可能性があります。
     1>Calibration.cpp(84): warning C4018: '<' : signed と unsigned の数値を比較しようとしました。
     1>Calibration.cpp(90): warning C4018: '<' : signed と unsigned の数値を比較しようとしました。
     1>Calibration.cpp(284): warning C4018: '<' : signed と unsigned の数値を比較しようとしました。
     1>Calibration.cpp(287): warning C4244: '引数' : 'double' から 'float' への変換です。データが失われる可能性があります。
     1>Calibration.cpp(305): warning C4018: '<' : signed と unsigned の数値を比較しようとしました。
     1>Calibration.cpp(326): warning C4244: '引数' : 'double' から 'float' への変換です。データが失われる可能性があります。
     1>Calibration.cpp(351): warning C4018: '<' : signed と unsigned の数値を比較しようとしました。
         Graycode.cpp
     1>D:\opencv300\myBuild\install\include\opencv2/core/mat.hpp(1965): warning C4819: ファイルは、現在のコード ページ (932) で表示できない文字を含んでいます。データの損失を防ぐために、ファイルを Unicode 形式で保存してください。
     1>D:\opencv300\myBuild\install\include\opencv2/core/persistence.hpp : warning C4819: ファイルは、現在のコード ページ (932) で表示できない文字を含んでいます。データの損失を防ぐために、ファイルを Unicode 形式で保存してください。
     1>D:\opencv300\myBuild\install\include\opencv2/core/utility.hpp : warning C4819: ファイルは、現在のコード ページ (932) で表示できない文字を含んでいます。データの損失を防ぐために、ファイルを Unicode 形式で保存してください。
     1>Graycode.cpp(189): warning C4244: '引数' : 'double' から 'int' への変換です。データが失われる可能性があります。
     1>Graycode.cpp(215): warning C4244: '引数' : 'double' から 'int' への変換です。データが失われる可能性があります。
     1>Graycode.cpp(238): warning C4244: '引数' : 'double' から 'int' への変換です。データが失われる可能性があります。
     1>Graycode.cpp(612): warning C4018: '<' : signed と unsigned の数値を比較しようとしました。
     1>Graycode.cpp(626): warning C4018: '<' : signed と unsigned の数値を比較しようとしました。
     1>Graycode.cpp(646): warning C4244: '引数' : 'double' から 'float' への変換です。データが失われる可能性があります。
     1>Graycode.cpp(667): warning C4244: '引数' : 'int' から 'float' への変換です。データが失われる可能性があります。
     1>Graycode.cpp(668): warning C4244: '引数' : 'int' から 'float' への変換です。データが失われる可能性があります。
         main.cpp
     1>D:\opencv300\myBuild\install\include\opencv2/core/mat.hpp(1965): warning C4819: ファイルは、現在のコード ページ (932) で表示できない文字を含んでいます。データの損失を防ぐために、ファイルを Unicode 形式で保存してください。
     1>D:\opencv300\myBuild\install\include\opencv2/core/persistence.hpp : warning C4819: ファイルは、現在のコード ページ (932) で表示できない文字を含んでいます。データの損失を防ぐために、ファイルを Unicode 形式で保存してください。
     1>D:\opencv300\myBuild\install\include\opencv2/core/utility.hpp : warning C4819: ファイルは、現在のコード ページ (932) で表示できない文字を含んでいます。データの損失を防ぐために、ファイルを Unicode 形式で保存してください。
     1>main.cpp(273): warning C4018: '<' : signed と unsigned の数値を比較しようとしました。
     1>main.cpp(354): warning C4018: '<' : signed と unsigned の数値を比較しようとしました。
     1>main.cpp(356): warning C4244: '=' : 'double' から 'float' への変換です。データが失われる可能性があります。
     1>main.cpp(357): warning C4244: '=' : 'double' から 'float' への変換です。データが失われる可能性があります。
     1>main.cpp(358): warning C4244: '=' : 'double' から 'float' への変換です。データが失われる可能性があります。
     1>main.cpp(359): warning C4244: '=' : 'double' から 'float' への変換です。データが失われる可能性があります。
     1>main.cpp(373): warning C4018: '<' : signed と unsigned の数値を比較しようとしました。
     1>main.cpp(387): warning C4018: '<' : signed と unsigned の数値を比較しようとしました。
     1>main.cpp(431): warning C4018: '<' : signed と unsigned の数値を比較しようとしました。
     1>main.cpp(433): warning C4244: '=' : 'double' から 'float' への変換です。データが失われる可能性があります。
     1>main.cpp(434): warning C4244: '=' : 'double' から 'float' への変換です。データが失われる可能性があります。
     1>main.cpp(435): warning C4244: '=' : 'double' から 'float' への変換です。データが失われる可能性があります。
     1>main.cpp(436): warning C4244: '=' : 'double' から 'float' への変換です。データが失われる可能性があります。
         PGROpenCV.cpp
     1>D:\opencv300\myBuild\install\include\opencv2/core/mat.hpp(1965): warning C4819: ファイルは、現在のコード ページ (932) で表示できない文字を含んでいます。データの損失を防ぐために、ファイルを Unicode 形式で保存してください。
     1>D:\opencv300\myBuild\install\include\opencv2/core/persistence.hpp : warning C4819: ファイルは、現在のコード ページ (932) で表示できない文字を含んでいます。データの損失を防ぐために、ファイルを Unicode 形式で保存してください。
     1>D:\opencv300\myBuild\install\include\opencv2/core/utility.hpp : warning C4819: ファイルは、現在のコード ページ (932) で表示できない文字を含んでいます。データの損失を防ぐために、ファイルを Unicode 形式で保存してください。
     1>PGROpenCV.cpp(9): warning C4305: '=' : 'double' から 'float' へ切り詰めます。
       Link:
         C:\Program Files (x86)\Microsoft Visual Studio 11.0\VC\bin\link.exe /ERRORREPORT:PROMPT /OUT:"D:\Documents\Visual Studio 2012\Projects\ProjectorCalibration\ProCamCalib\Release\ProCamCalib.exe" /NOLOGO /LIBPATH:"D:\PCL 1.7.2\lib" /LIBPATH:"D:\PCL 1.7.2\3rdParty\Boost\lib" /LIBPATH:"D:\PCL 1.7.2\3rdParty\FLANN\lib" /LIBPATH:"D:\PCL 1.7.2\3rdParty\QHull\lib" /LIBPATH:"D:\PCL 1.7.2\3rdParty\VTK\lib" pcl_common_release.lib pcl_features_release.lib pcl_filters_release.lib pcl_io_ply_release.lib pcl_io_release.lib pcl_kdtree_release.lib pcl_keypoints_release.lib pcl_octree_release.lib pcl_outofcore_release.lib pcl_people_release.lib pcl_recognition_release.lib pcl_registration_release.lib pcl_sample_consensus_release.lib pcl_search_release.lib pcl_segmentation_release.lib pcl_surface_release.lib pcl_tracking_release.lib pcl_visualization_release.lib "libboost_atomic-vc110-mt-1_56.lib" "libboost_chrono-vc110-mt-1_56.lib" "libboost_container-vc110-mt-1_56.lib" "libboost_context-vc110-mt-1_56.lib" "libboost_coroutine-vc110-mt-1_56.lib" "libboost_date_time-vc110-mt-1_56.lib" "libboost_exception-vc110-mt-1_56.lib" "libboost_filesystem-vc110-mt-1_56.lib" "libboost_graph-vc110-mt-1_56.lib" "libboost_iostreams-vc110-mt-1_56.lib" "libboost_locale-vc110-mt-1_56.lib" "libboost_log-vc110-mt-1_56.lib" "libboost_log_setup-vc110-mt-1_56.lib" "libboost_math_c99-vc110-mt-1_56.lib" "libboost_math_c99f-vc110-mt-1_56.lib" "libboost_math_c99l-vc110-mt-1_56.lib" "libboost_math_tr1-vc110-mt-1_56.lib" "libboost_math_tr1f-vc110-mt-1_56.lib" "libboost_math_tr1l-vc110-mt-1_56.lib" "libboost_mpi-vc110-mt-1_56.lib" "libboost_prg_exec_monitor-vc110-mt-1_56.lib" "libboost_program_options-vc110-mt-1_56.lib" "libboost_random-vc110-mt-1_56.lib" "libboost_regex-vc110-mt-1_56.lib" "libboost_serialization-vc110-mt-1_56.lib" "libboost_signals-vc110-mt-1_56.lib" "libboost_system-vc110-mt-1_56.lib" "libboost_test_exec_monitor-vc110-mt-1_56.lib" "libboost_thread-vc110-mt-1_56.lib" "libboost_timer-vc110-mt-1_56.lib" "libboost_unit_test_framework-vc110-mt-1_56.lib" "libboost_wave-vc110-mt-1_56.lib" "libboost_wserialization-vc110-mt-1_56.lib" flann_cpp_s.lib qhullstatic.lib "vtkalglib-6.1.lib" "vtkChartsCore-6.1.lib" "vtkCommonColor-6.1.lib" "vtkCommonComputationalGeometry-6.1.lib" "vtkCommonCore-6.1.lib" "vtkCommonDataModel-6.1.lib" "vtkCommonExecutionModel-6.1.lib" "vtkCommonMath-6.1.lib" "vtkCommonMisc-6.1.lib" "vtkCommonSystem-6.1.lib" "vtkCommonTransforms-6.1.lib" "vtkDICOMParser-6.1.lib" "vtkDomainsChemistry-6.1.lib" "vtkexoIIc-6.1.lib" "vtkexpat-6.1.lib" "vtkFiltersAMR-6.1.lib" "vtkFiltersCore-6.1.lib" "vtkFiltersExtraction-6.1.lib" "vtkFiltersFlowPaths-6.1.lib" "vtkFiltersGeneral-6.1.lib" "vtkFiltersGeneric-6.1.lib" "vtkFiltersGeometry-6.1.lib" "vtkFiltersHybrid-6.1.lib" "vtkFiltersHyperTree-6.1.lib" "vtkFiltersImaging-6.1.lib" "vtkFiltersModeling-6.1.lib" "vtkFiltersParallel-6.1.lib" "vtkFiltersParallelImaging-6.1.lib" "vtkFiltersProgrammable-6.1.lib" "vtkFiltersSelection-6.1.lib" "vtkFiltersSMP-6.1.lib" "vtkFiltersSources-6.1.lib" "vtkFiltersStatistics-6.1.lib" "vtkFiltersTexture-6.1.lib" "vtkFiltersVerdict-6.1.lib" "vtkfreetype-6.1.lib" "vtkftgl-6.1.lib" "vtkGeovisCore-6.1.lib" "vtkgl2ps-6.1.lib" "vtkhdf5-6.1.lib" "vtkhdf5_hl-6.1.lib" "vtkImagingColor-6.1.lib" "vtkImagingCore-6.1.lib" "vtkImagingFourier-6.1.lib" "vtkImagingGeneral-6.1.lib" "vtkImagingHybrid-6.1.lib" "vtkImagingMath-6.1.lib" "vtkImagingMorphological-6.1.lib" "vtkImagingSources-6.1.lib" "vtkImagingStatistics-6.1.lib" "vtkImagingStencil-6.1.lib" "vtkInfovisCore-6.1.lib" "vtkInfovisLayout-6.1.lib" "vtkInteractionImage-6.1.lib" "vtkInteractionStyle-6.1.lib" "vtkInteractionWidgets-6.1.lib" "vtkIOAMR-6.1.lib" "vtkIOCore-6.1.lib" "vtkIOEnSight-6.1.lib" "vtkIOExodus-6.1.lib" "vtkIOExport-6.1.lib" "vtkIOGeometry-6.1.lib" "vtkIOImage-6.1.lib" "vtkIOImport-6.1.lib" "vtkIOInfovis-6.1.lib" "vtkIOLegacy-6.1.lib" "vtkIOLSDyna-6.1.lib" "vtkIOMINC-6.1.lib" "vtkIOMovie-6.1.lib" "vtkIONetCDF-6.1.lib" "vtkIOParallel-6.1.lib" "vtkIOPLY-6.1.lib" "vtkIOSQL-6.1.lib" "vtkIOVideo-6.1.lib" "vtkIOXML-6.1.lib" "vtkIOXMLParser-6.1.lib" "vtkjpeg-6.1.lib" "vtkjsoncpp-6.1.lib" "vtklibxml2-6.1.lib" "vtkmetaio-6.1.lib" "vtkNetCDF-6.1.lib" "vtkNetCDF_cxx-6.1.lib" "vtkoggtheora-6.1.lib" "vtkParallelCore-6.1.lib" "vtkpng-6.1.lib" "vtkproj4-6.1.lib" "vtkRenderingAnnotation-6.1.lib" "vtkRenderingContext2D-6.1.lib" "vtkRenderingCore-6.1.lib" "vtkRenderingFreeType-6.1.lib" "vtkRenderingFreeTypeOpenGL-6.1.lib" "vtkRenderingGL2PS-6.1.lib" "vtkRenderingImage-6.1.lib" "vtkRenderingLabel-6.1.lib" "vtkRenderingLIC-6.1.lib" "vtkRenderingLOD-6.1.lib" "vtkRenderingOpenGL-6.1.lib" "vtkRenderingVolume-6.1.lib" "vtkRenderingVolumeAMR-6.1.lib" "vtkRenderingVolumeOpenGL-6.1.lib" "vtksqlite-6.1.lib" "vtksys-6.1.lib" "vtktiff-6.1.lib" "vtkverdict-6.1.lib" "vtkViewsContext2D-6.1.lib" "vtkViewsCore-6.1.lib" "vtkViewsGeovis-6.1.lib" "vtkViewsInfovis-6.1.lib" "vtkzlib-6.1.lib" FlyCapture2.lib FlyCapture2_v100.lib FlyCapture2GUI_GTKmm.lib FlyCapture2GUI_GTKmm_v100.lib FlyCapture2GUI.lib FlyCapture2GUI_v100.lib opencv_aruco300.lib opencv_bgsegm300.lib opencv_bioinspired300.lib opencv_calib3d300.lib opencv_ccalib300.lib opencv_core300.lib opencv_datasets300.lib opencv_dnn300.lib opencv_dpm300.lib opencv_face300.lib opencv_features2d300.lib opencv_flann300.lib opencv_hal300.lib opencv_highgui300.lib opencv_imgcodecs300.lib opencv_imgproc300.lib opencv_line_descriptor300.lib opencv_ml300.lib opencv_objdetect300.lib opencv_optflow300.lib opencv_photo300.lib opencv_reg300.lib opencv_rgbd300.lib opencv_saliency300.lib opencv_shape300.lib opencv_stereo300.lib opencv_stitching300.lib opencv_structured_light300.lib opencv_superres300.lib opencv_surface_matching300.lib opencv_text300.lib opencv_tracking300.lib opencv_ts300.lib opencv_video300.lib opencv_videoio300.lib opencv_videostab300.lib opencv_viz300.lib opencv_xfeatures2d300.lib opencv_ximgproc300.lib opencv_xobjdetect300.lib opencv_xphoto300.lib kernel32.lib user32.lib gdi32.lib winspool.lib comdlg32.lib advapi32.lib shell32.lib ole32.lib oleaut32.lib uuid.lib odbc32.lib odbccp32.lib /MANIFEST /MANIFESTUAC:"level='asInvoker' uiAccess='false'" /manifest:embed /DEBUG /PDB:"D:\Documents\Visual Studio 2012\Projects\ProjectorCalibration\ProCamCalib\Release\ProCamCalib.pdb" /OPT:REF /OPT:ICF /LTCG /TLBID:1 /DYNAMICBASE /NXCOMPAT /IMPLIB:"D:\Documents\Visual Studio 2012\Projects\ProjectorCalibration\ProCamCalib\Release\ProCamCalib.lib" /MACHINE:X86 /SAFESEH Release\Calibration.obj
         Release\Graycode.obj
         Release\main.obj
         Release\PGROpenCV.obj
         コード生成しています。
         コード生成が終了しました。
         ProCamCalib.vcxproj -> D:\Documents\Visual Studio 2012\Projects\ProjectorCalibration\ProCamCalib\Release\ProCamCalib.exe
       FinalizeBuildStatus:
         ファイル "Release\ProCamCalib.unsuccessfulbuild" を削除しています。
         "Release\ProCamCalib.lastbuildstate" のタッチ タスクを実行しています。
     1>プロジェクト "D:\Documents\Visual Studio 2012\Projects\ProjectorCalibration\ProCamCalib\ProCamCalib\ProCamCalib.vcxproj" (Rebuild ターゲット) のビルドが完了しました。

ビルドに成功しました。

経過時間 00:00:09.79
