D:\DOCUMENTS\VISUAL STUDIO 2012\PROJECTS\PROJECTORCALIBRATION\PROCAMCALIB\PROCAMCALIB\RELEASE\MAIN.OBJ
D:\DOCUMENTS\VISUAL STUDIO 2012\PROJECTS\PROJECTORCALIBRATION\PROCAMCALIB\PROCAMCALIB\RELEASE\GRAYCODE.OBJ
D:\DOCUMENTS\VISUAL STUDIO 2012\PROJECTS\PROJECTORCALIBRATION\PROCAMCALIB\PROCAMCALIB\RELEASE\CALIBRATION.OBJ
D:\DOCUMENTS\VISUAL STUDIO 2012\PROJECTS\PROJECTORCALIBRATION\PROCAMCALIB\PROCAMCALIB\RELEASE\PGROPENCV.OBJ
D:\DOCUMENTS\VISUAL STUDIO 2012\PROJECTS\PROJECTORCALIBRATION\PROCAMCALIB\PROCAMCALIB\RELEASE\VC110.PDB
D:\DOCUMENTS\VISUAL STUDIO 2012\PROJECTS\PROJECTORCALIBRATION\PROCAMCALIB\RELEASE\PROCAMCALIB.EXE
D:\DOCUMENTS\VISUAL STUDIO 2012\PROJECTS\PROJECTORCALIBRATION\PROCAMCALIB\RELEASE\PROCAMCALIB.PDB
D:\Documents\Visual Studio 2012\Projects\ProjectorCalibration\ProCamCalib\ProCamCalib\Release\Calibration.obj
D:\Documents\Visual Studio 2012\Projects\ProjectorCalibration\ProCamCalib\ProCamCalib\Release\Graycode.obj
D:\Documents\Visual Studio 2012\Projects\ProjectorCalibration\ProCamCalib\ProCamCalib\Release\main.obj
D:\Documents\Visual Studio 2012\Projects\ProjectorCalibration\ProCamCalib\ProCamCalib\Release\PGROpenCV.obj
D:\Documents\Visual Studio 2012\Projects\ProjectorCalibration\ProCamCalib\ProCamCalib\Release\cl.command.1.tlog
D:\Documents\Visual Studio 2012\Projects\ProjectorCalibration\ProCamCalib\ProCamCalib\Release\CL.read.1.tlog
D:\Documents\Visual Studio 2012\Projects\ProjectorCalibration\ProCamCalib\ProCamCalib\Release\CL.write.1.tlog
D:\Documents\Visual Studio 2012\Projects\ProjectorCalibration\ProCamCalib\ProCamCalib\Release\link-cvtres.read.1.tlog
D:\Documents\Visual Studio 2012\Projects\ProjectorCalibration\ProCamCalib\ProCamCalib\Release\link-cvtres.write.1.tlog
D:\Documents\Visual Studio 2012\Projects\ProjectorCalibration\ProCamCalib\ProCamCalib\Release\link-rc.read.1.tlog
D:\Documents\Visual Studio 2012\Projects\ProjectorCalibration\ProCamCalib\ProCamCalib\Release\link-rc.write.1.tlog
D:\Documents\Visual Studio 2012\Projects\ProjectorCalibration\ProCamCalib\ProCamCalib\Release\link.command.1.tlog
D:\Documents\Visual Studio 2012\Projects\ProjectorCalibration\ProCamCalib\ProCamCalib\Release\link.read.1.tlog
D:\Documents\Visual Studio 2012\Projects\ProjectorCalibration\ProCamCalib\ProCamCalib\Release\link.write.1.tlog
D:\Documents\Visual Studio 2012\Projects\ProjectorCalibration\ProCamCalib\ProCamCalib\Release\vc110.pdb
D:\Documents\Visual Studio 2012\Projects\ProjectorCalibration\ProCamCalib\Release\ProCamCalib.pdb
D:\Documents\Visual Studio 2012\Projects\ProjectorCalibration\ProCamCalib\Release\ProCamCalib.exe
