D:\DOCUMENTS\VISUAL STUDIO 2012\PROJECTS\PROJECTORCALIBRATION\PROCAMCALIB\PROCAMCALIB\DEBUG\SOURCE.OBJ
D:\DOCUMENTS\VISUAL STUDIO 2012\PROJECTS\PROJECTORCALIBRATION\PROCAMCALIB\PROCAMCALIB\DEBUG\VC110.PDB
D:\DOCUMENTS\VISUAL STUDIO 2012\PROJECTS\PROJECTORCALIBRATION\PROCAMCALIB\PROCAMCALIB\DEBUG\GRAYCODE.OBJ
D:\DOCUMENTS\VISUAL STUDIO 2012\PROJECTS\PROJECTORCALIBRATION\PROCAMCALIB\PROCAMCALIB\DEBUG\MAIN.OBJ
D:\DOCUMENTS\VISUAL STUDIO 2012\PROJECTS\PROJECTORCALIBRATION\PROCAMCALIB\PROCAMCALIB\DEBUG\PGROPENCV.OBJ
D:\DOCUMENTS\VISUAL STUDIO 2012\PROJECTS\PROJECTORCALIBRATION\PROCAMCALIB\PROCAMCALIB\DEBUG\CALIBRATION.OBJ
D:\DOCUMENTS\VISUAL STUDIO 2012\PROJECTS\PROJECTORCALIBRATION\PROCAMCALIB\DEBUG\PROCAMCALIB.ILK
D:\DOCUMENTS\VISUAL STUDIO 2012\PROJECTS\PROJECTORCALIBRATION\PROCAMCALIB\DEBUG\PROCAMCALIB.EXE
D:\DOCUMENTS\VISUAL STUDIO 2012\PROJECTS\PROJECTORCALIBRATION\PROCAMCALIB\DEBUG\PROCAMCALIB.PDB
D:\Documents\Visual Studio 2012\Projects\ProjectorCalibration\ProCamCalib\ProCamCalib\Debug\Calibration.obj
D:\Documents\Visual Studio 2012\Projects\ProjectorCalibration\ProCamCalib\ProCamCalib\Debug\Graycode.obj
D:\Documents\Visual Studio 2012\Projects\ProjectorCalibration\ProCamCalib\ProCamCalib\Debug\main.obj
D:\Documents\Visual Studio 2012\Projects\ProjectorCalibration\ProCamCalib\ProCamCalib\Debug\PGROpenCV.obj
D:\Documents\Visual Studio 2012\Projects\ProjectorCalibration\ProCamCalib\ProCamCalib\Debug\Source.obj
D:\Documents\Visual Studio 2012\Projects\ProjectorCalibration\ProCamCalib\ProCamCalib\Debug\cl.command.1.tlog
D:\Documents\Visual Studio 2012\Projects\ProjectorCalibration\ProCamCalib\ProCamCalib\Debug\CL.read.1.tlog
D:\Documents\Visual Studio 2012\Projects\ProjectorCalibration\ProCamCalib\ProCamCalib\Debug\CL.write.1.tlog
D:\Documents\Visual Studio 2012\Projects\ProjectorCalibration\ProCamCalib\ProCamCalib\Debug\link-cvtres.read.1.tlog
D:\Documents\Visual Studio 2012\Projects\ProjectorCalibration\ProCamCalib\ProCamCalib\Debug\link-cvtres.write.1.tlog
D:\Documents\Visual Studio 2012\Projects\ProjectorCalibration\ProCamCalib\ProCamCalib\Debug\link-rc.read.1.tlog
D:\Documents\Visual Studio 2012\Projects\ProjectorCalibration\ProCamCalib\ProCamCalib\Debug\link-rc.write.1.tlog
D:\Documents\Visual Studio 2012\Projects\ProjectorCalibration\ProCamCalib\ProCamCalib\Debug\link.1656-cvtres.read.1.tlog
D:\Documents\Visual Studio 2012\Projects\ProjectorCalibration\ProCamCalib\ProCamCalib\Debug\link.1656-cvtres.write.1.tlog
D:\Documents\Visual Studio 2012\Projects\ProjectorCalibration\ProCamCalib\ProCamCalib\Debug\link.1656-rc.read.1.tlog
D:\Documents\Visual Studio 2012\Projects\ProjectorCalibration\ProCamCalib\ProCamCalib\Debug\link.1656-rc.write.1.tlog
D:\Documents\Visual Studio 2012\Projects\ProjectorCalibration\ProCamCalib\ProCamCalib\Debug\link.1656.read.1.tlog
D:\Documents\Visual Studio 2012\Projects\ProjectorCalibration\ProCamCalib\ProCamCalib\Debug\link.1656.write.1.tlog
D:\Documents\Visual Studio 2012\Projects\ProjectorCalibration\ProCamCalib\ProCamCalib\Debug\link.3048-cvtres.read.1.tlog
D:\Documents\Visual Studio 2012\Projects\ProjectorCalibration\ProCamCalib\ProCamCalib\Debug\link.3048-cvtres.write.1.tlog
D:\Documents\Visual Studio 2012\Projects\ProjectorCalibration\ProCamCalib\ProCamCalib\Debug\link.3048-rc.read.1.tlog
D:\Documents\Visual Studio 2012\Projects\ProjectorCalibration\ProCamCalib\ProCamCalib\Debug\link.3048-rc.write.1.tlog
D:\Documents\Visual Studio 2012\Projects\ProjectorCalibration\ProCamCalib\ProCamCalib\Debug\link.3048.read.1.tlog
D:\Documents\Visual Studio 2012\Projects\ProjectorCalibration\ProCamCalib\ProCamCalib\Debug\link.3048.write.1.tlog
D:\Documents\Visual Studio 2012\Projects\ProjectorCalibration\ProCamCalib\ProCamCalib\Debug\link.3380-cvtres.read.1.tlog
D:\Documents\Visual Studio 2012\Projects\ProjectorCalibration\ProCamCalib\ProCamCalib\Debug\link.3380-cvtres.write.1.tlog
D:\Documents\Visual Studio 2012\Projects\ProjectorCalibration\ProCamCalib\ProCamCalib\Debug\link.3380-rc.read.1.tlog
D:\Documents\Visual Studio 2012\Projects\ProjectorCalibration\ProCamCalib\ProCamCalib\Debug\link.3380-rc.write.1.tlog
D:\Documents\Visual Studio 2012\Projects\ProjectorCalibration\ProCamCalib\ProCamCalib\Debug\link.3380.read.1.tlog
D:\Documents\Visual Studio 2012\Projects\ProjectorCalibration\ProCamCalib\ProCamCalib\Debug\link.3380.write.1.tlog
D:\Documents\Visual Studio 2012\Projects\ProjectorCalibration\ProCamCalib\ProCamCalib\Debug\link.4880-cvtres.read.1.tlog
D:\Documents\Visual Studio 2012\Projects\ProjectorCalibration\ProCamCalib\ProCamCalib\Debug\link.4880-cvtres.write.1.tlog
D:\Documents\Visual Studio 2012\Projects\ProjectorCalibration\ProCamCalib\ProCamCalib\Debug\link.4880-rc.read.1.tlog
D:\Documents\Visual Studio 2012\Projects\ProjectorCalibration\ProCamCalib\ProCamCalib\Debug\link.4880-rc.write.1.tlog
D:\Documents\Visual Studio 2012\Projects\ProjectorCalibration\ProCamCalib\ProCamCalib\Debug\link.4880.read.1.tlog
D:\Documents\Visual Studio 2012\Projects\ProjectorCalibration\ProCamCalib\ProCamCalib\Debug\link.4880.write.1.tlog
D:\Documents\Visual Studio 2012\Projects\ProjectorCalibration\ProCamCalib\ProCamCalib\Debug\link.5412-cvtres.read.1.tlog
D:\Documents\Visual Studio 2012\Projects\ProjectorCalibration\ProCamCalib\ProCamCalib\Debug\link.5412-cvtres.write.1.tlog
D:\Documents\Visual Studio 2012\Projects\ProjectorCalibration\ProCamCalib\ProCamCalib\Debug\link.5412-rc.read.1.tlog
D:\Documents\Visual Studio 2012\Projects\ProjectorCalibration\ProCamCalib\ProCamCalib\Debug\link.5412-rc.write.1.tlog
D:\Documents\Visual Studio 2012\Projects\ProjectorCalibration\ProCamCalib\ProCamCalib\Debug\link.5412.read.1.tlog
D:\Documents\Visual Studio 2012\Projects\ProjectorCalibration\ProCamCalib\ProCamCalib\Debug\link.5412.write.1.tlog
D:\Documents\Visual Studio 2012\Projects\ProjectorCalibration\ProCamCalib\ProCamCalib\Debug\link.command.1.tlog
D:\Documents\Visual Studio 2012\Projects\ProjectorCalibration\ProCamCalib\ProCamCalib\Debug\link.read.1.tlog
D:\Documents\Visual Studio 2012\Projects\ProjectorCalibration\ProCamCalib\ProCamCalib\Debug\link.write.1.tlog
D:\Documents\Visual Studio 2012\Projects\ProjectorCalibration\ProCamCalib\ProCamCalib\Debug\vc110.idb
D:\Documents\Visual Studio 2012\Projects\ProjectorCalibration\ProCamCalib\ProCamCalib\Debug\vc110.pdb
D:\Documents\Visual Studio 2012\Projects\ProjectorCalibration\ProCamCalib\Debug\ProCamCalib.pdb
